<?xml version="1.0" encoding="UTF-8"?>
<!-- Generated by org.testng.reporters.JUnitReportReporter -->
<testsuite hostname="DESKTOP-7QJBVRE" failures="0" tests="1" name="day20.Demo1" time="0.022" errors="0" timestamp="15 Jun 2023 07:16:17 GMT" skipped="0">
  <testcase classname="day20.Demo1" name="testA" time="0.022"/>
</testsuite> <!-- day20.Demo1 -->
